<?xml version="1.0" encoding="UTF-8"?>
<!-- Generated by org.testng.reporters.JUnitXMLReporter -->
<testsuite ignored="2" hostname="DESKTOP-8IO9O82" failures="1" tests="1" name="Test" time="39.98" errors="0" timestamp="2022-01-12T09:24:28 IST">
  <testcase classname="testcases.SignInTestcases3" name="contactUsTestcase001" time="2.821">
    <failure type="java.lang.AssertionError" message="expected [true] but found [false]">
      <![CDATA[java.lang.AssertionError: expected [true] but found [false]
at testcases.SignInTestcases3.contactUsTestcase001(SignInTestcases3.java:83)
at java.base/java.util.ArrayList.forEach(ArrayList.java:1511)
... Removed 31 stack frames]]>
    </failure>
  </testcase> <!-- contactUsTestcase001 -->
  <testcase classname="testcases.SignInTestcases3" name="signInTestcase002" time="0.0">
    <ignored/>
  </testcase> <!-- signInTestcase002 -->
  <testcase classname="testcases.SignInTestcases3" name="signInTestcase001" time="0.0">
    <ignored/>
  </testcase> <!-- signInTestcase001 -->
</testsuite> <!-- Test -->
