09:34:42.224 [main] DEBUG logInfo - i am from debug
09:34:42.230 [main] ERROR logInfo - i am from error
09:34:42.230 [main] INFO  logInfo - i am from info
09:34:42.230 [main] FATAL logInfo - i am from fatal===
09:43:31.895 [main] INFO  base.TestBase - This is onStart method : C:\Santosh\Automation\Workspace_new\NovSelenium\test-output\Suite
09:44:33.545 [main] INFO  base.TestBase - New Test Started : signInTestcase001
09:44:33.546 [main] INFO  base.TestBase - Trying to find Element By : By.linkText: Sign in
09:44:33.575 [main] INFO  base.TestBase - Found Element By : By.linkText: Sign in
09:44:33.593 [main] INFO  base.TestBase - Trying to click on: [[ChromeDriver: chrome on WINDOWS (b847e6f3b53584952b44b087c24dff43)] -> link text: Sign in]
09:44:53.561 [main] INFO  base.TestBase - Clicked on: [[ChromeDriver: chrome on WINDOWS (b847e6f3b53584952b44b087c24dff43)] -> link text: Sign in]
09:44:53.562 [main] INFO  base.TestBase - Trying to find Element By : By.xpath: //input[@id='email']
09:44:53.588 [main] INFO  base.TestBase - Found Element By : By.xpath: //input[@id='email']
09:44:53.668 [main] INFO  base.TestBase - Trying to find Element By : By.xpath: //input[@id='passwd']
09:44:53.689 [main] INFO  base.TestBase - Found Element By : By.xpath: //input[@id='passwd']
09:44:53.762 [main] INFO  base.TestBase - Trying to find Element By : By.name: SubmitLogin
09:44:53.778 [main] INFO  base.TestBase - Found Element By : By.name: SubmitLogin
09:44:53.778 [main] INFO  base.TestBase - Trying to click on: [[ChromeDriver: chrome on WINDOWS (b847e6f3b53584952b44b087c24dff43)] -> name: SubmitLogin]
09:45:12.929 [main] INFO  base.TestBase - Clicked on: [[ChromeDriver: chrome on WINDOWS (b847e6f3b53584952b44b087c24dff43)] -> name: SubmitLogin]
09:45:12.931 [main] INFO  base.TestBase - Trying to find Element By : By.xpath: //header/div[2]/div[1]/div[1]/nav[1]/div[2]/a[1]
09:45:12.949 [main] INFO  base.TestBase - Found Element By : By.xpath: //header/div[2]/div[1]/div[1]/nav[1]/div[2]/a[1]
09:45:12.966 [main] INFO  base.TestBase - Test Successfully Finished : signInTestcase001
09:45:13.082 [main] INFO  base.TestBase - This is onFinish method  : [ResultMap map=[[TestResult name=signInTestcase001 status=SUCCESS method=SignInTestcases.signInTestcase001()[pri:0, instance:testcases.SignInTestcases@41813449] output={null}]]]
09:45:13.083 [main] INFO  base.TestBase - This is onFinish method  : [ResultMap map=[]]
09:50:19.089 [main] INFO  base.TestBase - This is onStart method : C:\Santosh\Automation\Workspace_new\NovSelenium\test-output\Suite
09:51:14.050 [main] INFO  base.TestBase - New Test Started : signInTestcase001
09:51:14.051 [main] INFO  base.TestBase - Trying to find Element By : By.linkText: Sign in
09:51:14.076 [main] INFO  base.TestBase - Found Element By : By.linkText: Sign in
09:51:14.082 [main] INFO  base.TestBase - Trying to click on: [[ChromeDriver: chrome on WINDOWS (53da92430a4c377a047b6adca9e54582)] -> link text: Sign in]
09:51:26.985 [main] INFO  base.TestBase - Clicked on: [[ChromeDriver: chrome on WINDOWS (53da92430a4c377a047b6adca9e54582)] -> link text: Sign in]
09:51:26.988 [main] INFO  base.TestBase - Trying to find Element By : By.xpath: //input[@id='email']
09:51:27.013 [main] INFO  base.TestBase - Found Element By : By.xpath: //input[@id='email']
09:51:27.096 [main] INFO  base.TestBase - Trying to find Element By : By.xpath: //input[@id='passwd']
09:51:27.113 [main] INFO  base.TestBase - Found Element By : By.xpath: //input[@id='passwd']
09:51:27.194 [main] INFO  base.TestBase - Trying to find Element By : By.name: SubmitLogin
09:51:27.214 [main] INFO  base.TestBase - Found Element By : By.name: SubmitLogin
09:51:27.214 [main] INFO  base.TestBase - Trying to click on: [[ChromeDriver: chrome on WINDOWS (53da92430a4c377a047b6adca9e54582)] -> name: SubmitLogin]
09:51:40.757 [main] INFO  base.TestBase - Clicked on: [[ChromeDriver: chrome on WINDOWS (53da92430a4c377a047b6adca9e54582)] -> name: SubmitLogin]
09:51:40.757 [main] INFO  base.TestBase - Trying to find Element By : By.xpath: //header/div[2]/div[1]/div[1]/nav[1]/div[2]/a[1]
09:51:40.777 [main] INFO  base.TestBase - Found Element By : By.xpath: //header/div[2]/div[1]/div[1]/nav[1]/div[2]/a[1]
09:51:40.788 [main] INFO  base.TestBase - Successfully logined to account
09:51:40.792 [main] INFO  base.TestBase - Test Successfully Finished : signInTestcase001
09:51:40.942 [main] INFO  base.TestBase - This is onFinish method  : [ResultMap map=[[TestResult name=signInTestcase001 status=SUCCESS method=SignInTestcases.signInTestcase001()[pri:0, instance:testcases.SignInTestcases@41813449] output={null}]]]
09:51:40.943 [main] INFO  base.TestBase - This is onFinish method  : [ResultMap map=[]]
10:25:31.657 [main] INFO  base.TestBase - Trying to find Element By : By.linkText: Sign in
10:25:31.691 [main] INFO  base.TestBase - Found Element By : By.linkText: Sign in
10:25:31.697 [main] INFO  base.TestBase - Trying to click on: [[ChromeDriver: chrome on WINDOWS (960a9151bcf804f64b1eba3dcd28908f)] -> link text: Sign in]
10:25:46.184 [main] INFO  base.TestBase - Clicked on: [[ChromeDriver: chrome on WINDOWS (960a9151bcf804f64b1eba3dcd28908f)] -> link text: Sign in]
10:25:46.185 [main] INFO  base.TestBase - Trying to find Element By : By.xpath: //input[@id='email']
10:25:46.203 [main] INFO  base.TestBase - Found Element By : By.xpath: //input[@id='email']
10:25:46.292 [main] INFO  base.TestBase - Trying to find Element By : By.xpath: //input[@id='passwd']
10:25:46.310 [main] INFO  base.TestBase - Found Element By : By.xpath: //input[@id='passwd']
10:25:46.384 [main] INFO  base.TestBase - Trying to find Element By : By.name: SubmitLogin
10:25:46.401 [main] INFO  base.TestBase - Found Element By : By.name: SubmitLogin
10:25:46.402 [main] INFO  base.TestBase - Trying to click on: [[ChromeDriver: chrome on WINDOWS (960a9151bcf804f64b1eba3dcd28908f)] -> name: SubmitLogin]
10:25:57.038 [main] INFO  base.TestBase - Clicked on: [[ChromeDriver: chrome on WINDOWS (960a9151bcf804f64b1eba3dcd28908f)] -> name: SubmitLogin]
10:25:57.040 [main] INFO  base.TestBase - Trying to find Element By : By.xpath: //header/div[2]/div[1]/div[1]/nav[1]/div[2]/a[1]
10:25:57.065 [main] INFO  base.TestBase - Found Element By : By.xpath: //header/div[2]/div[1]/div[1]/nav[1]/div[2]/a[1]
09:14:19.983 [main] INFO  base.TestBase - Trying to find Element By : By.linkText: Sign in
09:14:20.024 [main] INFO  base.TestBase - Found Element By : By.linkText: Sign in
09:14:20.029 [main] INFO  base.TestBase - Trying to click on: [[ChromeDriver: chrome on WINDOWS (e50243250f524545aec4179b702286ea)] -> link text: Sign in]
09:14:37.640 [main] INFO  base.TestBase - Clicked on: [[ChromeDriver: chrome on WINDOWS (e50243250f524545aec4179b702286ea)] -> link text: Sign in]
09:14:37.643 [main] INFO  base.TestBase - Trying to find Element By : By.xpath: //input[@id='email']
09:14:37.668 [main] INFO  base.TestBase - Found Element By : By.xpath: //input[@id='email']
09:14:37.757 [main] INFO  base.TestBase - Trying to find Element By : By.xpath: //input[@id='passwd']
09:14:37.773 [main] INFO  base.TestBase - Found Element By : By.xpath: //input[@id='passwd']
09:14:37.848 [main] INFO  base.TestBase - Trying to find Element By : By.name: SubmitLogin
09:14:37.867 [main] INFO  base.TestBase - Found Element By : By.name: SubmitLogin
09:14:37.868 [main] INFO  base.TestBase - Trying to click on: [[ChromeDriver: chrome on WINDOWS (e50243250f524545aec4179b702286ea)] -> name: SubmitLogin]
09:14:55.616 [main] INFO  base.TestBase - Clicked on: [[ChromeDriver: chrome on WINDOWS (e50243250f524545aec4179b702286ea)] -> name: SubmitLogin]
09:14:55.620 [main] INFO  base.TestBase - Trying to find Element By : By.xpath: //header/div[2]/div[1]/div[1]/nav[1]/div[2]/a[1]
09:14:55.641 [main] INFO  base.TestBase - Found Element By : By.xpath: //header/div[2]/div[1]/div[1]/nav[1]/div[2]/a[1]
09:16:00.319 [main] INFO  base.TestBase - Trying to find Element By : By.linkText: Sign in
09:16:00.345 [main] INFO  base.TestBase - Found Element By : By.linkText: Sign in
09:16:00.345 [main] INFO  base.TestBase - Trying to click on: [[ChromeDriver: chrome on WINDOWS (f5802e62b767347e68df3bfe0a06e75e)] -> link text: Sign in]
09:16:22.762 [main] INFO  base.TestBase - Clicked on: [[ChromeDriver: chrome on WINDOWS (f5802e62b767347e68df3bfe0a06e75e)] -> link text: Sign in]
09:16:22.763 [main] INFO  base.TestBase - Trying to find Element By : By.xpath: //input[@id='email']
09:16:22.780 [main] INFO  base.TestBase - Found Element By : By.xpath: //input[@id='email']
09:16:22.859 [main] INFO  base.TestBase - Trying to find Element By : By.xpath: //input[@id='passwd']
09:16:22.878 [main] INFO  base.TestBase - Found Element By : By.xpath: //input[@id='passwd']
09:16:22.960 [main] INFO  base.TestBase - Trying to find Element By : By.name: SubmitLogin
09:16:22.978 [main] INFO  base.TestBase - Found Element By : By.name: SubmitLogin
09:16:22.979 [main] INFO  base.TestBase - Trying to click on: [[ChromeDriver: chrome on WINDOWS (f5802e62b767347e68df3bfe0a06e75e)] -> name: SubmitLogin]
09:16:35.686 [main] INFO  base.TestBase - Clicked on: [[ChromeDriver: chrome on WINDOWS (f5802e62b767347e68df3bfe0a06e75e)] -> name: SubmitLogin]
09:16:35.686 [main] INFO  base.TestBase - Trying to find Element By : By.xpath: //header/div[2]/div[1]/div[1]/nav[1]/div[2]/a[1]
09:16:35.712 [main] INFO  base.TestBase - Found Element By : By.xpath: //header/div[2]/div[1]/div[1]/nav[1]/div[2]/a[1]
09:21:53.734 [main] INFO  base.TestBase - Trying to find Element By : By.linkText: Sign in
09:21:53.773 [main] INFO  base.TestBase - Found Element By : By.linkText: Sign in
09:21:53.779 [main] INFO  base.TestBase - Trying to click on: [[ChromeDriver: chrome on WINDOWS (0755bb33b5929773777e2125c354a9d9)] -> link text: Sign in]
09:22:04.480 [main] INFO  base.TestBase - Clicked on: [[ChromeDriver: chrome on WINDOWS (0755bb33b5929773777e2125c354a9d9)] -> link text: Sign in]
09:22:04.481 [main] INFO  base.TestBase - Trying to find Element By : By.xpath: //input[@id='email']
09:22:04.505 [main] INFO  base.TestBase - Found Element By : By.xpath: //input[@id='email']
09:22:04.587 [main] INFO  base.TestBase - Trying to find Element By : By.xpath: //input[@id='passwd']
09:22:04.603 [main] INFO  base.TestBase - Found Element By : By.xpath: //input[@id='passwd']
09:22:04.675 [main] INFO  base.TestBase - Trying to find Element By : By.name: SubmitLogin
09:22:04.692 [main] INFO  base.TestBase - Found Element By : By.name: SubmitLogin
09:22:04.692 [main] INFO  base.TestBase - Trying to click on: [[ChromeDriver: chrome on WINDOWS (0755bb33b5929773777e2125c354a9d9)] -> name: SubmitLogin]
09:22:15.800 [main] INFO  base.TestBase - Clicked on: [[ChromeDriver: chrome on WINDOWS (0755bb33b5929773777e2125c354a9d9)] -> name: SubmitLogin]
09:22:15.806 [main] INFO  base.TestBase - Trying to find Element By : By.linkText: Sign out
09:22:15.830 [main] INFO  base.TestBase - Found Element By : By.linkText: Sign out
09:22:38.163 [main] INFO  base.TestBase - Trying to find Element By : By.linkText: Sign in
09:22:38.185 [main] INFO  base.TestBase - Found Element By : By.linkText: Sign in
09:22:38.186 [main] INFO  base.TestBase - Trying to click on: [[ChromeDriver: chrome on WINDOWS (4984bd820a5e233e13055844dff28f60)] -> link text: Sign in]
09:22:48.345 [main] INFO  base.TestBase - Clicked on: [[ChromeDriver: chrome on WINDOWS (4984bd820a5e233e13055844dff28f60)] -> link text: Sign in]
09:22:48.347 [main] INFO  base.TestBase - Trying to find Element By : By.xpath: //input[@id='email']
09:22:48.366 [main] INFO  base.TestBase - Found Element By : By.xpath: //input[@id='email']
09:22:48.443 [main] INFO  base.TestBase - Trying to find Element By : By.xpath: //input[@id='passwd']
09:22:48.460 [main] INFO  base.TestBase - Found Element By : By.xpath: //input[@id='passwd']
09:22:48.533 [main] INFO  base.TestBase - Trying to find Element By : By.name: SubmitLogin
09:22:48.550 [main] INFO  base.TestBase - Found Element By : By.name: SubmitLogin
09:22:48.550 [main] INFO  base.TestBase - Trying to click on: [[ChromeDriver: chrome on WINDOWS (4984bd820a5e233e13055844dff28f60)] -> name: SubmitLogin]
09:22:56.151 [main] INFO  base.TestBase - Clicked on: [[ChromeDriver: chrome on WINDOWS (4984bd820a5e233e13055844dff28f60)] -> name: SubmitLogin]
09:22:56.152 [main] INFO  base.TestBase - Trying to find Element By : By.linkText: Sign out
09:23:06.169 [main] INFO  base.TestBase - Exception occured: org.openqa.selenium.NoSuchElementException: no such element: Unable to locate element: {"method":"link text","selector":"Sign out"}
  (Session info: chrome=96.0.4664.110)
For documentation on this error, please visit: https://www.seleniumhq.org/exceptions/no_such_element.html
Build info: version: '3.141.59', revision: 'e82be7d358', time: '2018-11-14T08:17:03'
System info: host: 'DESKTOP-8IO9O82', ip: '192.168.43.183', os.name: 'Windows 10', os.arch: 'amd64', os.version: '10.0', java.version: '15.0.2'
Driver info: org.openqa.selenium.chrome.ChromeDriver
Capabilities {acceptInsecureCerts: false, browserName: chrome, browserVersion: 96.0.4664.110, chrome: {chromedriverVersion: 96.0.4664.45 (76e4c1bb2ab46..., userDataDir: C:\Users\santo\AppData\Loca...}, goog:chromeOptions: {debuggerAddress: localhost:63216}, javascriptEnabled: true, networkConnectionEnabled: false, pageLoadStrategy: normal, platform: WINDOWS, platformName: WINDOWS, proxy: Proxy(), setWindowRect: true, strictFileInteractability: false, timeouts: {implicit: 0, pageLoad: 300000, script: 30000}, unhandledPromptBehavior: dismiss and notify, webauthn:extension:credBlob: true, webauthn:extension:largeBlob: true, webauthn:virtualAuthenticators: true}
Session ID: 4984bd820a5e233e13055844dff28f60
*** Element info: {Using=link text, value=Sign out}
09:26:56.048 [main] INFO  base.TestBase - Trying to find Element By : By.linkText: Sign in
09:26:56.087 [main] INFO  base.TestBase - Found Element By : By.linkText: Sign in
09:26:56.091 [main] INFO  base.TestBase - Trying to click on: [[ChromeDriver: chrome on WINDOWS (e7b360697e94f6b28c9e81d1179d9eda)] -> link text: Sign in]
09:27:07.055 [main] INFO  base.TestBase - Clicked on: [[ChromeDriver: chrome on WINDOWS (e7b360697e94f6b28c9e81d1179d9eda)] -> link text: Sign in]
09:27:07.056 [main] INFO  base.TestBase - Trying to find Element By : By.xpath: //input[@id='email']
09:27:07.077 [main] INFO  base.TestBase - Found Element By : By.xpath: //input[@id='email']
09:27:07.152 [main] INFO  base.TestBase - Trying to find Element By : By.xpath: //input[@id='passwd']
09:27:07.170 [main] INFO  base.TestBase - Found Element By : By.xpath: //input[@id='passwd']
09:27:07.241 [main] INFO  base.TestBase - Trying to find Element By : By.name: SubmitLogin
09:27:07.258 [main] INFO  base.TestBase - Found Element By : By.name: SubmitLogin
09:27:07.258 [main] INFO  base.TestBase - Trying to click on: [[ChromeDriver: chrome on WINDOWS (e7b360697e94f6b28c9e81d1179d9eda)] -> name: SubmitLogin]
09:27:17.919 [main] INFO  base.TestBase - Clicked on: [[ChromeDriver: chrome on WINDOWS (e7b360697e94f6b28c9e81d1179d9eda)] -> name: SubmitLogin]
09:27:17.922 [main] INFO  base.TestBase - Trying to find Element By : By.linkText: Sign out
09:27:17.947 [main] INFO  base.TestBase - Found Element By : By.linkText: Sign out
09:27:35.871 [main] INFO  base.TestBase - Trying to find Element By : By.linkText: Sign in
09:27:35.894 [main] INFO  base.TestBase - Found Element By : By.linkText: Sign in
09:27:35.894 [main] INFO  base.TestBase - Trying to click on: [[ChromeDriver: chrome on WINDOWS (2404eee5a7007936208d5e8c3ee9f803)] -> link text: Sign in]
09:27:38.701 [main] INFO  base.TestBase - Clicked on: [[ChromeDriver: chrome on WINDOWS (2404eee5a7007936208d5e8c3ee9f803)] -> link text: Sign in]
09:27:38.707 [main] INFO  base.TestBase - Trying to find Element By : By.xpath: //input[@id='email']
09:27:38.727 [main] INFO  base.TestBase - Found Element By : By.xpath: //input[@id='email']
09:27:38.804 [main] INFO  base.TestBase - Trying to find Element By : By.xpath: //input[@id='passwd']
09:27:38.820 [main] INFO  base.TestBase - Found Element By : By.xpath: //input[@id='passwd']
09:27:38.894 [main] INFO  base.TestBase - Trying to find Element By : By.name: SubmitLogin
09:27:38.913 [main] INFO  base.TestBase - Found Element By : By.name: SubmitLogin
09:27:38.914 [main] INFO  base.TestBase - Trying to click on: [[ChromeDriver: chrome on WINDOWS (2404eee5a7007936208d5e8c3ee9f803)] -> name: SubmitLogin]
09:27:40.382 [main] INFO  base.TestBase - Clicked on: [[ChromeDriver: chrome on WINDOWS (2404eee5a7007936208d5e8c3ee9f803)] -> name: SubmitLogin]
09:27:40.382 [main] INFO  base.TestBase - Trying to find Element By : By.linkText: Sign out
09:27:50.403 [main] INFO  base.TestBase - Exception occured: org.openqa.selenium.NoSuchElementException: no such element: Unable to locate element: {"method":"link text","selector":"Sign out"}
  (Session info: chrome=96.0.4664.110)
For documentation on this error, please visit: https://www.seleniumhq.org/exceptions/no_such_element.html
Build info: version: '3.141.59', revision: 'e82be7d358', time: '2018-11-14T08:17:03'
System info: host: 'DESKTOP-8IO9O82', ip: '192.168.43.183', os.name: 'Windows 10', os.arch: 'amd64', os.version: '10.0', java.version: '15.0.2'
Driver info: org.openqa.selenium.chrome.ChromeDriver
Capabilities {acceptInsecureCerts: false, browserName: chrome, browserVersion: 96.0.4664.110, chrome: {chromedriverVersion: 96.0.4664.45 (76e4c1bb2ab46..., userDataDir: C:\Users\santo\AppData\Loca...}, goog:chromeOptions: {debuggerAddress: localhost:63445}, javascriptEnabled: true, networkConnectionEnabled: false, pageLoadStrategy: normal, platform: WINDOWS, platformName: WINDOWS, proxy: Proxy(), setWindowRect: true, strictFileInteractability: false, timeouts: {implicit: 0, pageLoad: 300000, script: 30000}, unhandledPromptBehavior: dismiss and notify, webauthn:extension:credBlob: true, webauthn:extension:largeBlob: true, webauthn:virtualAuthenticators: true}
Session ID: 2404eee5a7007936208d5e8c3ee9f803
*** Element info: {Using=link text, value=Sign out}
09:34:43.354 [main] INFO  base.TestBase - Trying to find Element By : By.linkText: Sign in
09:34:43.392 [main] INFO  base.TestBase - Found Element By : By.linkText: Sign in
09:34:43.400 [main] INFO  base.TestBase - Trying to click on: [[ChromeDriver: chrome on WINDOWS (38381a0501add896fbb1825b07d5801e)] -> link text: Sign in]
09:34:54.556 [main] INFO  base.TestBase - Clicked on: [[ChromeDriver: chrome on WINDOWS (38381a0501add896fbb1825b07d5801e)] -> link text: Sign in]
09:34:54.557 [main] INFO  base.TestBase - Trying to find Element By : By.xpath: //input[@id='email']
09:34:54.582 [main] INFO  base.TestBase - Found Element By : By.xpath: //input[@id='email']
09:34:54.668 [main] INFO  base.TestBase - Trying to find Element By : By.xpath: //input[@id='passwd']
09:34:54.685 [main] INFO  base.TestBase - Found Element By : By.xpath: //input[@id='passwd']
09:34:54.759 [main] INFO  base.TestBase - Trying to find Element By : By.name: SubmitLogin
09:34:54.779 [main] INFO  base.TestBase - Found Element By : By.name: SubmitLogin
09:34:54.780 [main] INFO  base.TestBase - Trying to click on: [[ChromeDriver: chrome on WINDOWS (38381a0501add896fbb1825b07d5801e)] -> name: SubmitLogin]
09:34:55.213 [main] INFO  base.TestBase - Clicked on: [[ChromeDriver: chrome on WINDOWS (38381a0501add896fbb1825b07d5801e)] -> name: SubmitLogin]
09:34:55.217 [main] INFO  base.TestBase - Trying to find Element By : By.linkText: Sign out
09:35:12.452 [main] INFO  base.TestBase - Found Element By : By.linkText: Sign out
09:35:30.944 [main] INFO  base.TestBase - Trying to find Element By : By.linkText: Sign in
09:35:30.963 [main] INFO  base.TestBase - Found Element By : By.linkText: Sign in
09:35:30.964 [main] INFO  base.TestBase - Trying to click on: [[ChromeDriver: chrome on WINDOWS (23ee607b3b588cfc5b4a1fd9aa8efa39)] -> link text: Sign in]
09:35:41.061 [main] INFO  base.TestBase - Clicked on: [[ChromeDriver: chrome on WINDOWS (23ee607b3b588cfc5b4a1fd9aa8efa39)] -> link text: Sign in]
09:35:41.064 [main] INFO  base.TestBase - Trying to find Element By : By.xpath: //input[@id='email']
09:35:41.086 [main] INFO  base.TestBase - Found Element By : By.xpath: //input[@id='email']
09:35:41.166 [main] INFO  base.TestBase - Trying to find Element By : By.xpath: //input[@id='passwd']
09:35:41.181 [main] INFO  base.TestBase - Found Element By : By.xpath: //input[@id='passwd']
09:35:41.264 [main] INFO  base.TestBase - Trying to find Element By : By.name: SubmitLogin
09:35:41.284 [main] INFO  base.TestBase - Found Element By : By.name: SubmitLogin
09:35:41.285 [main] INFO  base.TestBase - Trying to click on: [[ChromeDriver: chrome on WINDOWS (23ee607b3b588cfc5b4a1fd9aa8efa39)] -> name: SubmitLogin]
09:35:50.310 [main] INFO  base.TestBase - Clicked on: [[ChromeDriver: chrome on WINDOWS (23ee607b3b588cfc5b4a1fd9aa8efa39)] -> name: SubmitLogin]
09:35:50.310 [main] INFO  base.TestBase - Trying to find Element By : By.linkText: Sign out
09:36:00.386 [main] INFO  base.TestBase - Exception occured: org.openqa.selenium.NoSuchElementException: no such element: Unable to locate element: {"method":"link text","selector":"Sign out"}
  (Session info: chrome=96.0.4664.110)
For documentation on this error, please visit: https://www.seleniumhq.org/exceptions/no_such_element.html
Build info: version: '3.141.59', revision: 'e82be7d358', time: '2018-11-14T08:17:03'
System info: host: 'DESKTOP-8IO9O82', ip: '192.168.43.183', os.name: 'Windows 10', os.arch: 'amd64', os.version: '10.0', java.version: '15.0.2'
Driver info: org.openqa.selenium.chrome.ChromeDriver
Capabilities {acceptInsecureCerts: false, browserName: chrome, browserVersion: 96.0.4664.110, chrome: {chromedriverVersion: 96.0.4664.45 (76e4c1bb2ab46..., userDataDir: C:\Users\santo\AppData\Loca...}, goog:chromeOptions: {debuggerAddress: localhost:63741}, javascriptEnabled: true, networkConnectionEnabled: false, pageLoadStrategy: normal, platform: WINDOWS, platformName: WINDOWS, proxy: Proxy(), setWindowRect: true, strictFileInteractability: false, timeouts: {implicit: 0, pageLoad: 300000, script: 30000}, unhandledPromptBehavior: dismiss and notify, webauthn:extension:credBlob: true, webauthn:extension:largeBlob: true, webauthn:virtualAuthenticators: true}
Session ID: 23ee607b3b588cfc5b4a1fd9aa8efa39
*** Element info: {Using=link text, value=Sign out}
09:37:54.260 [main] INFO  base.TestBase - Trying to find Element By : By.linkText: Sign in
09:37:54.299 [main] INFO  base.TestBase - Found Element By : By.linkText: Sign in
09:37:54.305 [main] INFO  base.TestBase - Trying to click on: [[ChromeDriver: chrome on WINDOWS (d85917d2773e1f21f35552ece042d144)] -> link text: Sign in]
09:37:57.961 [main] INFO  base.TestBase - Clicked on: [[ChromeDriver: chrome on WINDOWS (d85917d2773e1f21f35552ece042d144)] -> link text: Sign in]
09:37:57.962 [main] INFO  base.TestBase - Trying to find Element By : By.xpath: //input[@id='email']
09:37:57.985 [main] INFO  base.TestBase - Found Element By : By.xpath: //input[@id='email']
09:37:58.078 [main] INFO  base.TestBase - Trying to find Element By : By.xpath: //input[@id='passwd']
09:37:58.095 [main] INFO  base.TestBase - Found Element By : By.xpath: //input[@id='passwd']
09:37:58.171 [main] INFO  base.TestBase - Trying to find Element By : By.name: SubmitLogin
09:37:58.187 [main] INFO  base.TestBase - Found Element By : By.name: SubmitLogin
09:37:58.187 [main] INFO  base.TestBase - Trying to click on: [[ChromeDriver: chrome on WINDOWS (d85917d2773e1f21f35552ece042d144)] -> name: SubmitLogin]
09:38:01.286 [main] INFO  base.TestBase - Clicked on: [[ChromeDriver: chrome on WINDOWS (d85917d2773e1f21f35552ece042d144)] -> name: SubmitLogin]
09:38:01.289 [main] INFO  base.TestBase - Trying to find Element By : By.linkText: Sign out
09:38:01.315 [main] INFO  base.TestBase - Found Element By : By.linkText: Sign out
09:38:16.458 [main] INFO  base.TestBase - Trying to find Element By : By.linkText: Sign in
09:38:16.490 [main] INFO  base.TestBase - Found Element By : By.linkText: Sign in
09:38:16.490 [main] INFO  base.TestBase - Trying to click on: [[ChromeDriver: chrome on WINDOWS (ee0ce6b98f4f15839d47bf3f51232fff)] -> link text: Sign in]
09:38:23.235 [main] INFO  base.TestBase - Clicked on: [[ChromeDriver: chrome on WINDOWS (ee0ce6b98f4f15839d47bf3f51232fff)] -> link text: Sign in]
09:38:23.238 [main] INFO  base.TestBase - Trying to find Element By : By.xpath: //input[@id='email']
09:38:23.262 [main] INFO  base.TestBase - Found Element By : By.xpath: //input[@id='email']
09:38:23.343 [main] INFO  base.TestBase - Trying to find Element By : By.xpath: //input[@id='passwd']
09:38:23.362 [main] INFO  base.TestBase - Found Element By : By.xpath: //input[@id='passwd']
09:38:23.448 [main] INFO  base.TestBase - Trying to find Element By : By.name: SubmitLogin
09:38:23.469 [main] INFO  base.TestBase - Found Element By : By.name: SubmitLogin
09:38:23.469 [main] INFO  base.TestBase - Trying to click on: [[ChromeDriver: chrome on WINDOWS (ee0ce6b98f4f15839d47bf3f51232fff)] -> name: SubmitLogin]
09:38:25.557 [main] INFO  base.TestBase - Clicked on: [[ChromeDriver: chrome on WINDOWS (ee0ce6b98f4f15839d47bf3f51232fff)] -> name: SubmitLogin]
09:38:25.557 [main] INFO  base.TestBase - Trying to find Element By : By.linkText: Sign out
09:38:35.649 [main] INFO  base.TestBase - Exception occured: org.openqa.selenium.NoSuchElementException: no such element: Unable to locate element: {"method":"link text","selector":"Sign out"}
  (Session info: chrome=96.0.4664.110)
For documentation on this error, please visit: https://www.seleniumhq.org/exceptions/no_such_element.html
Build info: version: '3.141.59', revision: 'e82be7d358', time: '2018-11-14T08:17:03'
System info: host: 'DESKTOP-8IO9O82', ip: '192.168.43.183', os.name: 'Windows 10', os.arch: 'amd64', os.version: '10.0', java.version: '15.0.2'
Driver info: org.openqa.selenium.chrome.ChromeDriver
Capabilities {acceptInsecureCerts: false, browserName: chrome, browserVersion: 96.0.4664.110, chrome: {chromedriverVersion: 96.0.4664.45 (76e4c1bb2ab46..., userDataDir: C:\Users\santo\AppData\Loca...}, goog:chromeOptions: {debuggerAddress: localhost:63905}, javascriptEnabled: true, networkConnectionEnabled: false, pageLoadStrategy: normal, platform: WINDOWS, platformName: WINDOWS, proxy: Proxy(), setWindowRect: true, strictFileInteractability: false, timeouts: {implicit: 0, pageLoad: 300000, script: 30000}, unhandledPromptBehavior: dismiss and notify, webauthn:extension:credBlob: true, webauthn:extension:largeBlob: true, webauthn:virtualAuthenticators: true}
Session ID: ee0ce6b98f4f15839d47bf3f51232fff
*** Element info: {Using=link text, value=Sign out}
09:44:34.845 [main] INFO  base.TestBase - Trying to find Element By : By.linkText: Sign in
09:44:34.880 [main] INFO  base.TestBase - Found Element By : By.linkText: Sign in
09:44:34.884 [main] INFO  base.TestBase - Trying to click on: [[ChromeDriver: chrome on WINDOWS (5f32894976f64f114531eee5af5af1e5)] -> link text: Sign in]
09:44:40.154 [main] INFO  base.TestBase - Clicked on: [[ChromeDriver: chrome on WINDOWS (5f32894976f64f114531eee5af5af1e5)] -> link text: Sign in]
09:44:40.156 [main] INFO  base.TestBase - Trying to find Element By : By.xpath: //input[@id='email']
09:44:40.177 [main] INFO  base.TestBase - Found Element By : By.xpath: //input[@id='email']
09:44:40.265 [main] INFO  base.TestBase - Trying to find Element By : By.xpath: //input[@id='passwd']
09:44:40.284 [main] INFO  base.TestBase - Found Element By : By.xpath: //input[@id='passwd']
09:44:40.359 [main] INFO  base.TestBase - Trying to find Element By : By.name: SubmitLogin
09:44:40.377 [main] INFO  base.TestBase - Found Element By : By.name: SubmitLogin
09:44:40.377 [main] INFO  base.TestBase - Trying to click on: [[ChromeDriver: chrome on WINDOWS (5f32894976f64f114531eee5af5af1e5)] -> name: SubmitLogin]
09:44:44.050 [main] INFO  base.TestBase - Clicked on: [[ChromeDriver: chrome on WINDOWS (5f32894976f64f114531eee5af5af1e5)] -> name: SubmitLogin]
09:44:44.054 [main] INFO  base.TestBase - Trying to find Element By : By.linkText: Sign out
09:44:44.079 [main] INFO  base.TestBase - Found Element By : By.linkText: Sign out
09:45:00.134 [main] INFO  base.TestBase - Trying to find Element By : By.linkText: Sign in
09:45:00.160 [main] INFO  base.TestBase - Found Element By : By.linkText: Sign in
09:45:00.160 [main] INFO  base.TestBase - Trying to click on: [[ChromeDriver: chrome on WINDOWS (f7cc5fa4e44342bdc02ce454f41e940b)] -> link text: Sign in]
09:45:03.351 [main] INFO  base.TestBase - Clicked on: [[ChromeDriver: chrome on WINDOWS (f7cc5fa4e44342bdc02ce454f41e940b)] -> link text: Sign in]
09:45:03.354 [main] INFO  base.TestBase - Trying to find Element By : By.xpath: //input[@id='email']
09:45:03.378 [main] INFO  base.TestBase - Found Element By : By.xpath: //input[@id='email']
09:45:03.466 [main] INFO  base.TestBase - Trying to find Element By : By.xpath: //input[@id='passwd']
09:45:03.484 [main] INFO  base.TestBase - Found Element By : By.xpath: //input[@id='passwd']
09:45:03.566 [main] INFO  base.TestBase - Trying to find Element By : By.name: SubmitLogin
09:45:03.589 [main] INFO  base.TestBase - Found Element By : By.name: SubmitLogin
09:45:03.590 [main] INFO  base.TestBase - Trying to click on: [[ChromeDriver: chrome on WINDOWS (f7cc5fa4e44342bdc02ce454f41e940b)] -> name: SubmitLogin]
09:45:05.488 [main] INFO  base.TestBase - Clicked on: [[ChromeDriver: chrome on WINDOWS (f7cc5fa4e44342bdc02ce454f41e940b)] -> name: SubmitLogin]
09:45:05.489 [main] INFO  base.TestBase - Trying to find Element By : By.linkText: Sign out
09:45:15.504 [main] INFO  base.TestBase - Exception occured: org.openqa.selenium.NoSuchElementException: no such element: Unable to locate element: {"method":"link text","selector":"Sign out"}
  (Session info: chrome=96.0.4664.110)
For documentation on this error, please visit: https://www.seleniumhq.org/exceptions/no_such_element.html
Build info: version: '3.141.59', revision: 'e82be7d358', time: '2018-11-14T08:17:03'
System info: host: 'DESKTOP-8IO9O82', ip: '192.168.43.183', os.name: 'Windows 10', os.arch: 'amd64', os.version: '10.0', java.version: '15.0.2'
Driver info: org.openqa.selenium.chrome.ChromeDriver
Capabilities {acceptInsecureCerts: false, browserName: chrome, browserVersion: 96.0.4664.110, chrome: {chromedriverVersion: 96.0.4664.45 (76e4c1bb2ab46..., userDataDir: C:\Users\santo\AppData\Loca...}, goog:chromeOptions: {debuggerAddress: localhost:64184}, javascriptEnabled: true, networkConnectionEnabled: false, pageLoadStrategy: normal, platform: WINDOWS, platformName: WINDOWS, proxy: Proxy(), setWindowRect: true, strictFileInteractability: false, timeouts: {implicit: 0, pageLoad: 300000, script: 30000}, unhandledPromptBehavior: dismiss and notify, webauthn:extension:credBlob: true, webauthn:extension:largeBlob: true, webauthn:virtualAuthenticators: true}
Session ID: f7cc5fa4e44342bdc02ce454f41e940b
*** Element info: {Using=link text, value=Sign out}
10:04:05.664 [main] INFO  base.TestBase - Trying to find Element By : By.xpath: //header/div[2]/div[1]/div[1]/nav[1]/div[2]/a[1]
10:04:05.697 [main] INFO  base.TestBase - Found Element By : By.xpath: //header/div[2]/div[1]/div[1]/nav[1]/div[2]/a[1]
10:04:05.701 [main] INFO  base.TestBase - Trying to click on: [[ChromeDriver: chrome on WINDOWS (d1d45c78852146845f50dda3496c91c7)] -> xpath: //header/div[2]/div[1]/div[1]/nav[1]/div[2]/a[1]]
10:04:08.230 [main] INFO  base.TestBase - Clicked on: [[ChromeDriver: chrome on WINDOWS (d1d45c78852146845f50dda3496c91c7)] -> xpath: //header/div[2]/div[1]/div[1]/nav[1]/div[2]/a[1]]
10:04:08.230 [main] INFO  base.TestBase - Trying to find Element By : By.xpath: //h1[contains(text(),'Customer service - Contact us')]
10:04:08.253 [main] INFO  base.TestBase - Found Element By : By.xpath: //h1[contains(text(),'Customer service - Contact us')]
10:04:08.269 [main] INFO  base.TestBase - before get textCUSTOMER SERVICE - CONTACT US
10:04:08.285 [main] INFO  base.TestBase - after get textCUSTOMER SERVICE - CONTACT US
10:07:34.340 [main] INFO  base.TestBase - Trying to find Element By : By.xpath: //header/div[2]/div[1]/div[1]/nav[1]/div[2]/a[1]
10:07:34.373 [main] INFO  base.TestBase - Found Element By : By.xpath: //header/div[2]/div[1]/div[1]/nav[1]/div[2]/a[1]
10:07:34.378 [main] INFO  base.TestBase - Trying to click on: [[ChromeDriver: chrome on WINDOWS (d6b5911d80dd2f0efa051dfe79bd60dd)] -> xpath: //header/div[2]/div[1]/div[1]/nav[1]/div[2]/a[1]]
10:07:36.263 [main] INFO  base.TestBase - Clicked on: [[ChromeDriver: chrome on WINDOWS (d6b5911d80dd2f0efa051dfe79bd60dd)] -> xpath: //header/div[2]/div[1]/div[1]/nav[1]/div[2]/a[1]]
10:07:36.264 [main] INFO  base.TestBase - Trying to find Element By : By.xpath: //h1[contains(text(),'Customer service - Contact us')]
10:07:36.285 [main] INFO  base.TestBase - Found Element By : By.xpath: //h1[contains(text(),'Customer service - Contact us')]
10:07:36.300 [main] INFO  base.TestBase - before get textCUSTOMER SERVICE - CONTACT US
10:07:36.319 [main] INFO  base.TestBase - after get textCUSTOMER SERVICE - CONTACT US
10:09:04.788 [main] INFO  base.TestBase - Trying to find Element By : By.xpath: //header/div[2]/div[1]/div[1]/nav[1]/div[2]/a[1]
10:09:04.827 [main] INFO  base.TestBase - Found Element By : By.xpath: //header/div[2]/div[1]/div[1]/nav[1]/div[2]/a[1]
10:09:04.831 [main] INFO  base.TestBase - Trying to click on: [[ChromeDriver: chrome on WINDOWS (144b39d6122a58ed38d4c140ab097647)] -> xpath: //header/div[2]/div[1]/div[1]/nav[1]/div[2]/a[1]]
10:09:06.654 [main] INFO  base.TestBase - Clicked on: [[ChromeDriver: chrome on WINDOWS (144b39d6122a58ed38d4c140ab097647)] -> xpath: //header/div[2]/div[1]/div[1]/nav[1]/div[2]/a[1]]
10:09:06.655 [main] INFO  base.TestBase - Trying to find Element By : By.xpath: //h1[contains(text(),'Customer service - Contact us')]
10:09:06.675 [main] INFO  base.TestBase - Found Element By : By.xpath: //h1[contains(text(),'Customer service - Contact us')]
10:09:06.690 [main] INFO  base.TestBase - before get textCUSTOMER SERVICE - CONTACT US
10:09:06.710 [main] INFO  base.TestBase - after get textCUSTOMER SERVICE - CONTACT US
10:12:35.402 [main] INFO  base.TestBase - Trying to find Element By : By.xpath: //header/div[2]/div[1]/div[1]/nav[1]/div[2]/a[1]
10:12:35.436 [main] INFO  base.TestBase - Found Element By : By.xpath: //header/div[2]/div[1]/div[1]/nav[1]/div[2]/a[1]
10:12:35.442 [main] INFO  base.TestBase - Trying to click on: [[ChromeDriver: chrome on WINDOWS (c0352ead1148aa5c356365b1496dd627)] -> xpath: //header/div[2]/div[1]/div[1]/nav[1]/div[2]/a[1]]
10:12:38.050 [main] INFO  base.TestBase - Clicked on: [[ChromeDriver: chrome on WINDOWS (c0352ead1148aa5c356365b1496dd627)] -> xpath: //header/div[2]/div[1]/div[1]/nav[1]/div[2]/a[1]]
10:12:38.052 [main] INFO  base.TestBase - Trying to find Element By : By.xpath: //h1[contains(text(),'Customer service - Contact us')]
10:12:38.071 [main] INFO  base.TestBase - Found Element By : By.xpath: //h1[contains(text(),'Customer service - Contact us')]
10:12:38.084 [main] INFO  base.TestBase - before get textCUSTOMER SERVICE - CONTACT US
10:12:38.101 [main] INFO  base.TestBase - after get textCUSTOMER SERVICE - CONTACT US
10:13:37.829 [main] INFO  base.TestBase - Trying to find Element By : By.xpath: //header/div[2]/div[1]/div[1]/nav[1]/div[2]/a[1]
10:13:37.861 [main] INFO  base.TestBase - Found Element By : By.xpath: //header/div[2]/div[1]/div[1]/nav[1]/div[2]/a[1]
10:13:37.866 [main] INFO  base.TestBase - Trying to click on: [[ChromeDriver: chrome on WINDOWS (69bb6b28e55971634ef3211179de1bae)] -> xpath: //header/div[2]/div[1]/div[1]/nav[1]/div[2]/a[1]]
10:13:39.775 [main] INFO  base.TestBase - Clicked on: [[ChromeDriver: chrome on WINDOWS (69bb6b28e55971634ef3211179de1bae)] -> xpath: //header/div[2]/div[1]/div[1]/nav[1]/div[2]/a[1]]
10:13:39.776 [main] INFO  base.TestBase - Trying to find Element By : By.xpath: //h1[contains(text(),'Customer service - Contact us')]
10:13:39.800 [main] INFO  base.TestBase - Found Element By : By.xpath: //h1[contains(text(),'Customer service - Contact us')]
10:13:39.814 [main] INFO  base.TestBase - before get textCUSTOMER SERVICE - CONTACT US
10:13:39.832 [main] INFO  base.TestBase - after get textCUSTOMER SERVICE - CONTACT US
10:14:23.884 [main] INFO  base.TestBase - Trying to find Element By : By.xpath: //header/div[2]/div[1]/div[1]/nav[1]/div[2]/a[1]
10:14:23.919 [main] INFO  base.TestBase - Found Element By : By.xpath: //header/div[2]/div[1]/div[1]/nav[1]/div[2]/a[1]
10:14:23.924 [main] INFO  base.TestBase - Trying to click on: [[ChromeDriver: chrome on WINDOWS (15a053cc0a57d4ee2e676c6222a59301)] -> xpath: //header/div[2]/div[1]/div[1]/nav[1]/div[2]/a[1]]
10:14:25.800 [main] INFO  base.TestBase - Clicked on: [[ChromeDriver: chrome on WINDOWS (15a053cc0a57d4ee2e676c6222a59301)] -> xpath: //header/div[2]/div[1]/div[1]/nav[1]/div[2]/a[1]]
10:14:25.801 [main] INFO  base.TestBase - Trying to find Element By : By.xpath: //h1[contains(text(),'Customer service - Contact us')]
10:14:25.823 [main] INFO  base.TestBase - Found Element By : By.xpath: //h1[contains(text(),'Customer service - Contact us')]
10:14:25.839 [main] INFO  base.TestBase - before get textCUSTOMER SERVICE - CONTACT US
10:14:25.857 [main] INFO  base.TestBase - after get textCUSTOMER SERVICE - CONTACT US
10:25:22.222 [main] INFO  base.TestBase - Trying to find Element By : By.xpath: //header/div[2]/div[1]/div[1]/nav[1]/div[2]/a[1]
10:25:32.326 [main] INFO  base.TestBase - Exception occured: org.openqa.selenium.NoSuchElementException: no such element: Unable to locate element: {"method":"xpath","selector":"//header/div[2]/div[1]/div[1]/nav[1]/div[2]/a[1]"}
  (Session info: MicrosoftEdge=97.0.1072.55)
For documentation on this error, please visit: https://www.seleniumhq.org/exceptions/no_such_element.html
Build info: version: '3.141.59', revision: 'e82be7d358', time: '2018-11-14T08:17:03'
System info: host: 'DESKTOP-8IO9O82', ip: '192.168.29.182', os.name: 'Windows 10', os.arch: 'amd64', os.version: '10.0', java.version: '15.0.2'
Driver info: org.openqa.selenium.edge.EdgeDriver
Capabilities {acceptInsecureCerts: false, browserName: msedge, browserVersion: 97.0.1072.55, javascriptEnabled: true, ms:edgeOptions: {debuggerAddress: localhost:64972}, msedge: {msedgedriverVersion: 96.0.1054.62 (f97cb2ce0103f..., userDataDir: C:\Users\santo\AppData\Loca...}, networkConnectionEnabled: false, pageLoadStrategy: normal, platform: WINDOWS, platformName: WINDOWS, proxy: Proxy(), setWindowRect: true, strictFileInteractability: false, timeouts: {implicit: 0, pageLoad: 300000, script: 30000}, unhandledPromptBehavior: dismiss and notify, webauthn:extension:credBlob: true, webauthn:extension:largeBlob: true, webauthn:virtualAuthenticators: true}
Session ID: dfc1714edaac1ea90adc5f33d2027212
*** Element info: {Using=xpath, value=//header/div[2]/div[1]/div[1]/nav[1]/div[2]/a[1]}
10:26:29.225 [main] INFO  base.TestBase - Trying to find Element By : By.xpath: //header/div[2]/div[1]/div[1]/nav[1]/div[2]/a[1]
10:26:29.264 [main] INFO  base.TestBase - Found Element By : By.xpath: //header/div[2]/div[1]/div[1]/nav[1]/div[2]/a[1]
10:26:29.269 [main] INFO  base.TestBase - Trying to click on: [[FirefoxDriver: firefox on WINDOWS (31fa1e50-9a13-46e7-87a1-71733ab950e6)] -> xpath: //header/div[2]/div[1]/div[1]/nav[1]/div[2]/a[1]]
10:26:33.143 [main] INFO  base.TestBase - Clicked on: [[FirefoxDriver: firefox on WINDOWS (31fa1e50-9a13-46e7-87a1-71733ab950e6)] -> xpath: //header/div[2]/div[1]/div[1]/nav[1]/div[2]/a[1]]
10:26:33.144 [main] INFO  base.TestBase - Trying to find Element By : By.xpath: //h1[contains(text(),'Customer service - Contact us')]
10:26:33.155 [main] INFO  base.TestBase - Found Element By : By.xpath: //h1[contains(text(),'Customer service - Contact us')]
10:26:33.183 [main] INFO  base.TestBase - before get textCUSTOMER SERVICE - CONTACT US
10:26:33.207 [main] INFO  base.TestBase - after get textCUSTOMER SERVICE - CONTACT US
08:49:12.879 [main] INFO  base.TestBase - Trying to find Element By : By.xpath: //header/div[2]/div[1]/div[1]/nav[1]/div[2]/a[1]
08:49:12.916 [main] INFO  base.TestBase - Found Element By : By.xpath: //header/div[2]/div[1]/div[1]/nav[1]/div[2]/a[1]
08:49:12.920 [main] INFO  base.TestBase - Trying to click on: [[ChromeDriver: chrome on WINDOWS (10cc60382e3b8844747f0f89ea375f27)] -> xpath: //header/div[2]/div[1]/div[1]/nav[1]/div[2]/a[1]]
08:49:15.043 [main] INFO  base.TestBase - Clicked on: [[ChromeDriver: chrome on WINDOWS (10cc60382e3b8844747f0f89ea375f27)] -> xpath: //header/div[2]/div[1]/div[1]/nav[1]/div[2]/a[1]]
08:49:15.044 [main] INFO  base.TestBase - Trying to find Element By : By.xpath: //h1[contains(text(),'Customer service - Contact us')]
08:49:15.064 [main] INFO  base.TestBase - Found Element By : By.xpath: //h1[contains(text(),'Customer service - Contact us')]
08:49:15.079 [main] INFO  base.TestBase - before get textCUSTOMER SERVICE - CONTACT US
08:49:15.096 [main] INFO  base.TestBase - after get textCUSTOMER SERVICE - CONTACT US
08:51:22.265 [main] INFO  base.TestBase - Trying to find Element By : By.xpath: //header/div[2]/div[1]/div[1]/nav[1]/div[2]/a[1]
08:51:22.289 [main] INFO  base.TestBase - Found Element By : By.xpath: //header/div[2]/div[1]/div[1]/nav[1]/div[2]/a[1]
08:51:22.293 [main] INFO  base.TestBase - Trying to click on: [[ChromeDriver: chrome on WINDOWS (f27ff6c7ba97bcce397753103b5bfbfa)] -> xpath: //header/div[2]/div[1]/div[1]/nav[1]/div[2]/a[1]]
08:51:23.082 [main] INFO  base.TestBase - Clicked on: [[ChromeDriver: chrome on WINDOWS (f27ff6c7ba97bcce397753103b5bfbfa)] -> xpath: //header/div[2]/div[1]/div[1]/nav[1]/div[2]/a[1]]
08:51:23.083 [main] INFO  base.TestBase - Trying to find Element By : By.xpath: //h1[contains(text(),'Customer service - Contact us')]
08:51:23.728 [main] INFO  base.TestBase - Found Element By : By.xpath: //h1[contains(text(),'Customer service - Contact us')]
08:51:23.740 [main] INFO  base.TestBase - before get textCUSTOMER SERVICE - CONTACT US
08:51:23.756 [main] INFO  base.TestBase - after get textCUSTOMER SERVICE - CONTACT US
09:24:24.197 [main] INFO  base.TestBase - Trying to find Element By : By.xpath: //header/div[2]/div[1]/div[1]/nav[1]/div[2]/a[1]
09:24:24.230 [main] INFO  base.TestBase - Found Element By : By.xpath: //header/div[2]/div[1]/div[1]/nav[1]/div[2]/a[1]
09:24:24.239 [main] INFO  base.TestBase - Trying to click on: [[ChromeDriver: chrome on WINDOWS (3bcd06b0ba4d3fb490b6b29db4ec985f)] -> xpath: //header/div[2]/div[1]/div[1]/nav[1]/div[2]/a[1]]
09:24:25.361 [main] INFO  base.TestBase - Clicked on: [[ChromeDriver: chrome on WINDOWS (3bcd06b0ba4d3fb490b6b29db4ec985f)] -> xpath: //header/div[2]/div[1]/div[1]/nav[1]/div[2]/a[1]]
09:24:25.363 [main] INFO  base.TestBase - Trying to find Element By : By.xpath: //h1[contains(text(),'Customer service - Contact us')]
09:24:26.960 [main] INFO  base.TestBase - Found Element By : By.xpath: //h1[contains(text(),'Customer service - Contact us')]
09:24:26.979 [main] INFO  base.TestBase - before get textCUSTOMER SERVICE - CONTACT US
09:24:27.002 [main] INFO  base.TestBase - after get textCUSTOMER SERVICE - CONTACT US
10:04:13.378 [main] INFO  base.TestBase - Trying to find Element By : By.linkText: Sign in
10:04:13.425 [main] INFO  base.TestBase - Found Element By : By.linkText: Sign in
10:04:13.431 [main] INFO  base.TestBase - Trying to click on: [[ChromeDriver: chrome on WINDOWS (137c7c166c33eb0cc66bea12328e83d8)] -> link text: Sign in]
10:04:16.690 [main] INFO  base.TestBase - Clicked on: [[ChromeDriver: chrome on WINDOWS (137c7c166c33eb0cc66bea12328e83d8)] -> link text: Sign in]
10:04:16.691 [main] INFO  base.TestBase - Trying to find Element By : By.xpath: //input[@id='email_create']
10:04:16.745 [main] INFO  base.TestBase - Exception occured: org.openqa.selenium.NoSuchElementException: no such element: Unable to locate element: {"method":"xpath","selector":"//input[@id='email_create']"}
  (Session info: headless chrome=97.0.4692.71)
For documentation on this error, please visit: https://www.seleniumhq.org/exceptions/no_such_element.html
Build info: version: '3.141.59', revision: 'e82be7d358', time: '2018-11-14T08:17:03'
System info: host: 'DESKTOP-8IO9O82', ip: '192.168.29.182', os.name: 'Windows 10', os.arch: 'amd64', os.version: '10.0', java.version: '15.0.2'
Driver info: org.openqa.selenium.chrome.ChromeDriver
Capabilities {acceptInsecureCerts: false, browserName: chrome, browserVersion: 97.0.4692.71, chrome: {chromedriverVersion: 96.0.4664.45 (76e4c1bb2ab46..., userDataDir: C:\Users\santo\AppData\Loca...}, goog:chromeOptions: {debuggerAddress: localhost:64162}, javascriptEnabled: true, networkConnectionEnabled: false, pageLoadStrategy: normal, platform: WINDOWS, platformName: WINDOWS, proxy: Proxy(), setWindowRect: true, strictFileInteractability: false, timeouts: {implicit: 0, pageLoad: 300000, script: 30000}, unhandledPromptBehavior: dismiss and notify, webauthn:extension:credBlob: true, webauthn:extension:largeBlob: true, webauthn:virtualAuthenticators: true}
Session ID: 137c7c166c33eb0cc66bea12328e83d8
*** Element info: {Using=xpath, value=//input[@id='email_create']}
10:06:26.168 [main] INFO  base.TestBase - Trying to find Element By : By.linkText: Sign in
10:06:26.211 [main] INFO  base.TestBase - Found Element By : By.linkText: Sign in
10:06:26.216 [main] INFO  base.TestBase - Trying to click on: [[ChromeDriver: chrome on WINDOWS (61fa9e0fbc28ed302cf91d96802d4f54)] -> link text: Sign in]
10:06:33.952 [main] INFO  base.TestBase - Clicked on: [[ChromeDriver: chrome on WINDOWS (61fa9e0fbc28ed302cf91d96802d4f54)] -> link text: Sign in]
10:06:33.952 [main] INFO  base.TestBase - Trying to find Element By : By.xpath: //input[@id='email_create']
10:06:33.972 [main] INFO  base.TestBase - Found Element By : By.xpath: //input[@id='email_create']
10:06:34.068 [main] INFO  base.TestBase - Trying to find Element By : By.xpath: //body[1]/div[1]/div[2]/div[1]/div[3]/div[1]/div[1]/div[1]/form[1]/div[1]/div[3]/button[1]/span[1]
10:06:34.086 [main] INFO  base.TestBase - Found Element By : By.xpath: //body[1]/div[1]/div[2]/div[1]/div[3]/div[1]/div[1]/div[1]/form[1]/div[1]/div[3]/button[1]/span[1]
10:06:34.086 [main] INFO  base.TestBase - Trying to click on: [[ChromeDriver: chrome on WINDOWS (61fa9e0fbc28ed302cf91d96802d4f54)] -> xpath: //body[1]/div[1]/div[2]/div[1]/div[3]/div[1]/div[1]/div[1]/form[1]/div[1]/div[3]/button[1]/span[1]]
10:06:34.157 [main] INFO  base.TestBase - Clicked on: [[ChromeDriver: chrome on WINDOWS (61fa9e0fbc28ed302cf91d96802d4f54)] -> xpath: //body[1]/div[1]/div[2]/div[1]/div[3]/div[1]/div[1]/div[1]/form[1]/div[1]/div[3]/button[1]/span[1]]
10:06:34.160 [main] INFO  base.TestBase - Trying to find Element By : By.id: id_gender1
10:06:38.643 [main] INFO  base.TestBase - Found Element By : By.id: id_gender1
10:06:38.643 [main] INFO  base.TestBase - Trying to click on: [[ChromeDriver: chrome on WINDOWS (61fa9e0fbc28ed302cf91d96802d4f54)] -> id: id_gender1]
10:06:38.706 [main] INFO  base.TestBase - Clicked on: [[ChromeDriver: chrome on WINDOWS (61fa9e0fbc28ed302cf91d96802d4f54)] -> id: id_gender1]
10:14:25.124 [main] INFO  base.TestBase - Trying to find Element By : By.linkText: Sign in
10:14:25.173 [main] INFO  base.TestBase - Found Element By : By.linkText: Sign in
10:14:25.181 [main] INFO  base.TestBase - Trying to click on: [[ChromeDriver: chrome on WINDOWS (26f39a48927df9f5453ddb4770f8d0c2)] -> link text: Sign in]
10:14:31.953 [main] INFO  base.TestBase - Clicked on: [[ChromeDriver: chrome on WINDOWS (26f39a48927df9f5453ddb4770f8d0c2)] -> link text: Sign in]
10:14:31.954 [main] INFO  base.TestBase - Trying to find Element By : By.xpath: //input[@id='email_create']
10:14:31.969 [main] INFO  base.TestBase - Found Element By : By.xpath: //input[@id='email_create']
10:14:32.062 [main] INFO  base.TestBase - Trying to find Element By : By.xpath: //body[1]/div[1]/div[2]/div[1]/div[3]/div[1]/div[1]/div[1]/form[1]/div[1]/div[3]/button[1]/span[1]
10:14:32.081 [main] INFO  base.TestBase - Found Element By : By.xpath: //body[1]/div[1]/div[2]/div[1]/div[3]/div[1]/div[1]/div[1]/form[1]/div[1]/div[3]/button[1]/span[1]
10:14:32.081 [main] INFO  base.TestBase - Trying to click on: [[ChromeDriver: chrome on WINDOWS (26f39a48927df9f5453ddb4770f8d0c2)] -> xpath: //body[1]/div[1]/div[2]/div[1]/div[3]/div[1]/div[1]/div[1]/form[1]/div[1]/div[3]/button[1]/span[1]]
10:14:32.144 [main] INFO  base.TestBase - Clicked on: [[ChromeDriver: chrome on WINDOWS (26f39a48927df9f5453ddb4770f8d0c2)] -> xpath: //body[1]/div[1]/div[2]/div[1]/div[3]/div[1]/div[1]/div[1]/form[1]/div[1]/div[3]/button[1]/span[1]]
10:14:36.912 [main] INFO  base.TestBase - Trying to find Element By : By.id: id_gender1
10:14:36.924 [main] INFO  base.TestBase - Found Element By : By.id: id_gender1
10:14:36.924 [main] INFO  base.TestBase - Trying to click on: [[ChromeDriver: chrome on WINDOWS (26f39a48927df9f5453ddb4770f8d0c2)] -> id: id_gender1]
10:14:36.981 [main] INFO  base.TestBase - Clicked on: [[ChromeDriver: chrome on WINDOWS (26f39a48927df9f5453ddb4770f8d0c2)] -> id: id_gender1]
